Loaded 80000 samples from training_features.h5
Balanced dataset size: 80000 (real=40000, fake=40000)
Train: 40000  Test: 40000  (each balanced 50/50)
Example batch: torch.Size([32, 21]) torch.Size([32])
Label distribution (train): tensor([20000, 20000])
Label distribution (test): tensor([20000, 20000])
Model input dimension: 21
Epoch 1/10: 100%|██████████████████████████████████████████████████████████████████| 1250/1250 [00:03<00:00, 339.49it/s]
Epoch 1 Loss: 0.1122
Epoch 2/10: 100%|██████████████████████████████████████████████████████████████████| 1250/1250 [00:03<00:00, 349.23it/s]
Epoch 2 Loss: 0.0656
Epoch 3/10: 100%|██████████████████████████████████████████████████████████████████| 1250/1250 [00:03<00:00, 354.50it/s]
Epoch 3 Loss: 0.0593
Epoch 4/10: 100%|██████████████████████████████████████████████████████████████████| 1250/1250 [00:03<00:00, 351.20it/s]
Epoch 4 Loss: 0.0552
Epoch 5/10: 100%|██████████████████████████████████████████████████████████████████| 1250/1250 [00:03<00:00, 365.93it/s]
Epoch 5 Loss: 0.0525
Epoch 6/10: 100%|██████████████████████████████████████████████████████████████████| 1250/1250 [00:03<00:00, 354.98it/s]
Epoch 6 Loss: 0.0512
Epoch 7/10: 100%|██████████████████████████████████████████████████████████████████| 1250/1250 [00:03<00:00, 352.11it/s]
Epoch 7 Loss: 0.0492
Epoch 8/10: 100%|██████████████████████████████████████████████████████████████████| 1250/1250 [00:03<00:00, 351.85it/s]
Epoch 8 Loss: 0.0483
Epoch 9/10: 100%|██████████████████████████████████████████████████████████████████| 1250/1250 [00:03<00:00, 353.92it/s]
Epoch 9 Loss: 0.0470
Epoch 10/10: 100%|█████████████████████████████████████████████████████████████████| 1250/1250 [00:03<00:00, 353.22it/s]
Epoch 10 Loss: 0.0460
Best τ*=0.790 with F1=0.983 on training set
Saved all test predictions to test_predictions_all.csv

=== Test Performance ===
Accuracy : 0.980
Precision: 0.984  Recall: 0.975  F1: 0.980  AUC: 0.998
Confusion matrix (rows=true [0,1], cols=pred [0,1]):
[[19677   323]
 [  492 19508]]