Loaded 120000 samples from training_features.h5
Balanced dataset size: 100000 (real=50000, fake=50000)
Train: 50000  Test: 50000  (each balanced 50/50)
Example batch: torch.Size([32, 25]) torch.Size([32])
Label distribution (train): tensor([25000, 25000])
Label distribution (test): tensor([25000, 25000])
Model input dimension: 25
Epoch 1/10: 100%|██████████████████████████████████████████████████████████████████| 1563/1563 [00:04<00:00, 345.66it/s]
Epoch 1 Loss: 0.2432
Epoch 2/10: 100%|██████████████████████████████████████████████████████████████████| 1563/1563 [00:04<00:00, 354.57it/s]
Epoch 2 Loss: 0.1848
Epoch 3/10: 100%|██████████████████████████████████████████████████████████████████| 1563/1563 [00:04<00:00, 356.82it/s]
Epoch 3 Loss: 0.1663
Epoch 4/10: 100%|██████████████████████████████████████████████████████████████████| 1563/1563 [00:04<00:00, 357.74it/s]
Epoch 4 Loss: 0.1566
Epoch 5/10: 100%|██████████████████████████████████████████████████████████████████| 1563/1563 [00:04<00:00, 356.93it/s]
Epoch 5 Loss: 0.1509
Epoch 6/10: 100%|██████████████████████████████████████████████████████████████████| 1563/1563 [00:04<00:00, 354.67it/s]
Epoch 6 Loss: 0.1456
Epoch 7/10: 100%|██████████████████████████████████████████████████████████████████| 1563/1563 [00:04<00:00, 355.98it/s]
Epoch 7 Loss: 0.1417
Epoch 8/10: 100%|██████████████████████████████████████████████████████████████████| 1563/1563 [00:04<00:00, 362.74it/s]
Epoch 8 Loss: 0.1385
Epoch 9/10: 100%|██████████████████████████████████████████████████████████████████| 1563/1563 [00:04<00:00, 355.30it/s]
Epoch 9 Loss: 0.1366
Epoch 10/10: 100%|█████████████████████████████████████████████████████████████████| 1563/1563 [00:04<00:00, 359.48it/s]
Epoch 10 Loss: 0.1336
Best τ*=0.350 with F1=0.951 on training set
Saved all test predictions to test_predictions_all.csv

=== Test Performance ===
Accuracy : 0.944
Precision: 0.925  Recall: 0.965  F1: 0.945  AUC: 0.987
Confusion matrix (rows=true [0,1], cols=pred [0,1]):
[[23050  1950]
 [  868 24132]]