Loaded 80000 samples from training_features.h5
Balanced dataset size: 80000 (real=40000, fake=40000)
Train: 40000  Test: 40000  (each balanced 50/50)
Example batch: torch.Size([32, 21]) torch.Size([32])
Label distribution (train): tensor([20000, 20000])
Label distribution (test): tensor([20000, 20000])
Model input dimension: 21
Epoch 1/10: 100%|██████████████████████████████████████████████████████████████████| 1250/1250 [00:03<00:00, 321.34it/s]
Epoch 1 Loss: 0.1129
Epoch 2/10: 100%|██████████████████████████████████████████████████████████████████| 1250/1250 [00:03<00:00, 349.62it/s]
Epoch 2 Loss: 0.0654
Epoch 3/10: 100%|██████████████████████████████████████████████████████████████████| 1250/1250 [00:03<00:00, 347.86it/s]
Epoch 3 Loss: 0.0589
Epoch 4/10: 100%|██████████████████████████████████████████████████████████████████| 1250/1250 [00:03<00:00, 348.43it/s]
Epoch 4 Loss: 0.0555
Epoch 5/10: 100%|██████████████████████████████████████████████████████████████████| 1250/1250 [00:03<00:00, 349.22it/s]
Epoch 5 Loss: 0.0526
Epoch 6/10: 100%|██████████████████████████████████████████████████████████████████| 1250/1250 [00:03<00:00, 346.22it/s]
Epoch 6 Loss: 0.0514
Epoch 7/10: 100%|██████████████████████████████████████████████████████████████████| 1250/1250 [00:03<00:00, 344.80it/s]
Epoch 7 Loss: 0.0506
Epoch 8/10: 100%|██████████████████████████████████████████████████████████████████| 1250/1250 [00:03<00:00, 349.18it/s]
Epoch 8 Loss: 0.0487
Epoch 9/10: 100%|██████████████████████████████████████████████████████████████████| 1250/1250 [00:03<00:00, 348.37it/s]
Epoch 9 Loss: 0.0474
Epoch 10/10: 100%|█████████████████████████████████████████████████████████████████| 1250/1250 [00:03<00:00, 347.05it/s]
Epoch 10 Loss: 0.0464
Best τ*=0.540 with F1=0.984 on training set
Saved all test predictions to test_predictions_all.csv

=== Test Performance ===
Accuracy : 0.981
Precision: 0.980  Recall: 0.982  F1: 0.981  AUC: 0.998
Confusion matrix (rows=true [0,1], cols=pred [0,1]):
[[19603   397]
 [  356 19644]]