Loaded 40000 samples from training_features.h5
Loaded 30000 samples from testing_features.h5
Train: 40000  Test: 30000  (each balanced 50/50)
Example batch: torch.Size([32, 31]) torch.Size([32])
Label distribution (train): tensor([20000, 20000])
Label distribution (test): tensor([10000, 20000])
Model input dimension: 31
Epoch 1/10: 100%|██████████████████████████████████████████████████████████████████| 1250/1250 [00:03<00:00, 334.37it/s]
Epoch 1 Loss: 0.1136
Epoch 2/10: 100%|██████████████████████████████████████████████████████████████████| 1250/1250 [00:03<00:00, 355.11it/s]
Epoch 2 Loss: 0.0644
Epoch 3/10: 100%|██████████████████████████████████████████████████████████████████| 1250/1250 [00:03<00:00, 356.20it/s]
Epoch 3 Loss: 0.0571
Epoch 4/10: 100%|██████████████████████████████████████████████████████████████████| 1250/1250 [00:03<00:00, 357.63it/s]
Epoch 4 Loss: 0.0539
Epoch 5/10: 100%|██████████████████████████████████████████████████████████████████| 1250/1250 [00:03<00:00, 354.40it/s]
Epoch 5 Loss: 0.0520
Epoch 6/10: 100%|██████████████████████████████████████████████████████████████████| 1250/1250 [00:03<00:00, 356.10it/s]
Epoch 6 Loss: 0.0509
Epoch 7/10: 100%|██████████████████████████████████████████████████████████████████| 1250/1250 [00:03<00:00, 355.77it/s]
Epoch 7 Loss: 0.0501
Epoch 8/10: 100%|██████████████████████████████████████████████████████████████████| 1250/1250 [00:03<00:00, 356.45it/s]
Epoch 8 Loss: 0.0476
Epoch 9/10: 100%|██████████████████████████████████████████████████████████████████| 1250/1250 [00:03<00:00, 358.29it/s]
Epoch 9 Loss: 0.0474
Epoch 10/10: 100%|█████████████████████████████████████████████████████████████████| 1250/1250 [00:03<00:00, 355.90it/s]
Epoch 10 Loss: 0.0458
Best τ*=0.300 with F1=0.984 on training set
Saved all test predictions to test_predictions_all.csv

=== Test Performance ===
Accuracy : 0.722
Precision: 0.809  Recall: 0.764  F1: 0.786  AUC: 0.767
Confusion matrix (rows=true [0,1], cols=pred [0,1]):
[[ 6382  3618]
 [ 4718 15282]]