Loaded 120000 samples from training_features.h5
Balanced dataset size: 100000 (real=50000, fake=50000)
Train: 50000  Test: 50000  (each balanced 50/50)
Example batch: torch.Size([32, 31]) torch.Size([32])
Label distribution (train): tensor([25000, 25000])
Label distribution (test): tensor([25000, 25000])
Model input dimension: 31
Epoch 1/10: 100%|██████████████████████████████████████████████████████████████████| 1563/1563 [00:04<00:00, 337.82it/s]
Epoch 1 Loss: 0.2442
Epoch 2/10: 100%|██████████████████████████████████████████████████████████████████| 1563/1563 [00:04<00:00, 363.18it/s]
Epoch 2 Loss: 0.1857
Epoch 3/10: 100%|██████████████████████████████████████████████████████████████████| 1563/1563 [00:04<00:00, 362.50it/s]
Epoch 3 Loss: 0.1689
Epoch 4/10: 100%|██████████████████████████████████████████████████████████████████| 1563/1563 [00:04<00:00, 360.54it/s]
Epoch 4 Loss: 0.1585
Epoch 5/10: 100%|██████████████████████████████████████████████████████████████████| 1563/1563 [00:04<00:00, 361.04it/s]
Epoch 5 Loss: 0.1523
Epoch 6/10: 100%|██████████████████████████████████████████████████████████████████| 1563/1563 [00:04<00:00, 360.37it/s]
Epoch 6 Loss: 0.1471
Epoch 7/10: 100%|██████████████████████████████████████████████████████████████████| 1563/1563 [00:04<00:00, 361.81it/s]
Epoch 7 Loss: 0.1430
Epoch 8/10: 100%|██████████████████████████████████████████████████████████████████| 1563/1563 [00:04<00:00, 364.46it/s]
Epoch 8 Loss: 0.1406
Epoch 9/10: 100%|██████████████████████████████████████████████████████████████████| 1563/1563 [00:04<00:00, 366.89it/s]
Epoch 9 Loss: 0.1369
Epoch 10/10: 100%|█████████████████████████████████████████████████████████████████| 1563/1563 [00:04<00:00, 361.35it/s]
Epoch 10 Loss: 0.1351
Best τ*=0.490 with F1=0.952 on training set
Saved all test predictions to test_predictions_all.csv

=== Test Performance ===
Accuracy : 0.944
Precision: 0.932  Recall: 0.959  F1: 0.945  AUC: 0.987
Confusion matrix (rows=true [0,1], cols=pred [0,1]):
[[23246  1754]
 [ 1027 23973]]