Loaded 40000 samples from training_features.h5
Loaded 40000 samples from testing_features.h5
Train: 40000  Test: 40000  (each balanced 50/50)
Example batch: torch.Size([32, 31]) torch.Size([32])
Label distribution (train): tensor([20000, 20000])
Label distribution (test): tensor([20000, 20000])
Model input dimension: 31
Epoch 1/10: 100%|██████████████████████████████████████████████████████████████████| 1250/1250 [00:03<00:00, 332.49it/s]
Epoch 1 Loss: 0.1157
Epoch 2/10: 100%|██████████████████████████████████████████████████████████████████| 1250/1250 [00:03<00:00, 354.93it/s]
Epoch 2 Loss: 0.0658
Epoch 3/10: 100%|██████████████████████████████████████████████████████████████████| 1250/1250 [00:03<00:00, 360.16it/s]
Epoch 3 Loss: 0.0592
Epoch 4/10: 100%|██████████████████████████████████████████████████████████████████| 1250/1250 [00:03<00:00, 361.50it/s]
Epoch 4 Loss: 0.0550
Epoch 5/10: 100%|██████████████████████████████████████████████████████████████████| 1250/1250 [00:03<00:00, 355.01it/s]
Epoch 5 Loss: 0.0523
Epoch 6/10: 100%|██████████████████████████████████████████████████████████████████| 1250/1250 [00:03<00:00, 358.50it/s]
Epoch 6 Loss: 0.0510
Epoch 7/10: 100%|██████████████████████████████████████████████████████████████████| 1250/1250 [00:03<00:00, 354.92it/s]
Epoch 7 Loss: 0.0494
Epoch 8/10: 100%|██████████████████████████████████████████████████████████████████| 1250/1250 [00:03<00:00, 357.89it/s]
Epoch 8 Loss: 0.0487
Epoch 9/10: 100%|██████████████████████████████████████████████████████████████████| 1250/1250 [00:03<00:00, 356.03it/s]
Epoch 9 Loss: 0.0472
Epoch 10/10: 100%|█████████████████████████████████████████████████████████████████| 1250/1250 [00:03<00:00, 354.71it/s]
Epoch 10 Loss: 0.0469
Best τ*=0.450 with F1=0.984 on training set
Saved all test predictions to test_predictions_all.csv

=== Test Performance ===
Accuracy : 0.981
Precision: 0.979  Recall: 0.983  F1: 0.981  AUC: 0.998
Confusion matrix (rows=true [0,1], cols=pred [0,1]):
[[19574   426]
 [  333 19667]]