Loaded 110000 samples from training_features.h5
Balanced dataset size: 100000 (real=50000, fake=50000)
Train: 50000  Test: 50000  (each balanced 50/50)
Example batch: torch.Size([32, 21]) torch.Size([32])
Label distribution (train): tensor([25000, 25000])
Label distribution (test): tensor([25000, 25000])
Model input dimension: 21
Epoch 1/10: 100%|██████████████████████████████████████████████████████████████████| 1563/1563 [00:04<00:00, 338.28it/s]
Epoch 1 Loss: 0.1369
Epoch 2/10: 100%|██████████████████████████████████████████████████████████████████| 1563/1563 [00:04<00:00, 363.51it/s]
Epoch 2 Loss: 0.0857
Epoch 3/10: 100%|██████████████████████████████████████████████████████████████████| 1563/1563 [00:04<00:00, 362.49it/s]
Epoch 3 Loss: 0.0724
Epoch 4/10: 100%|██████████████████████████████████████████████████████████████████| 1563/1563 [00:04<00:00, 357.97it/s]
Epoch 4 Loss: 0.0662
Epoch 5/10: 100%|██████████████████████████████████████████████████████████████████| 1563/1563 [00:04<00:00, 364.82it/s]
Epoch 5 Loss: 0.0623
Epoch 6/10: 100%|██████████████████████████████████████████████████████████████████| 1563/1563 [00:04<00:00, 360.36it/s]
Epoch 6 Loss: 0.0602
Epoch 7/10: 100%|██████████████████████████████████████████████████████████████████| 1563/1563 [00:04<00:00, 360.78it/s]
Epoch 7 Loss: 0.0579
Epoch 8/10: 100%|██████████████████████████████████████████████████████████████████| 1563/1563 [00:04<00:00, 360.17it/s]
Epoch 8 Loss: 0.0561
Epoch 9/10: 100%|██████████████████████████████████████████████████████████████████| 1563/1563 [00:04<00:00, 361.90it/s]
Epoch 9 Loss: 0.0547
Epoch 10/10: 100%|█████████████████████████████████████████████████████████████████| 1563/1563 [00:04<00:00, 363.96it/s]
Epoch 10 Loss: 0.0542
Best τ*=0.380 with F1=0.979 on training set
Saved all test predictions to test_predictions_all.csv

=== Test Performance ===
Accuracy : 0.974
Precision: 0.970  Recall: 0.979  F1: 0.974  AUC: 0.997
Confusion matrix (rows=true [0,1], cols=pred [0,1]):
[[24238   762]
 [  531 24469]]