Loaded 110000 samples from training_features.h5
Balanced dataset size: 100000 (real=50000, fake=50000)
Train: 50000  Test: 50000  (each balanced 50/50)
Example batch: torch.Size([32, 31]) torch.Size([32])
Label distribution (train): tensor([25000, 25000])
Label distribution (test): tensor([25000, 25000])
Model input dimension: 31
Epoch 1/10: 100%|██████████████████████████████████████████████████████████████████| 1563/1563 [00:04<00:00, 348.83it/s]
Epoch 1 Loss: 0.1385
Epoch 2/10: 100%|██████████████████████████████████████████████████████████████████| 1563/1563 [00:04<00:00, 360.68it/s]
Epoch 2 Loss: 0.0864
Epoch 3/10: 100%|██████████████████████████████████████████████████████████████████| 1563/1563 [00:04<00:00, 359.99it/s]
Epoch 3 Loss: 0.0740
Epoch 4/10: 100%|██████████████████████████████████████████████████████████████████| 1563/1563 [00:04<00:00, 362.25it/s]
Epoch 4 Loss: 0.0676
Epoch 5/10: 100%|██████████████████████████████████████████████████████████████████| 1563/1563 [00:04<00:00, 360.18it/s]
Epoch 5 Loss: 0.0634
Epoch 6/10: 100%|██████████████████████████████████████████████████████████████████| 1563/1563 [00:04<00:00, 363.05it/s]
Epoch 6 Loss: 0.0600
Epoch 7/10: 100%|██████████████████████████████████████████████████████████████████| 1563/1563 [00:04<00:00, 363.48it/s]
Epoch 7 Loss: 0.0583
Epoch 8/10: 100%|██████████████████████████████████████████████████████████████████| 1563/1563 [00:04<00:00, 361.48it/s]
Epoch 8 Loss: 0.0558
Epoch 9/10: 100%|██████████████████████████████████████████████████████████████████| 1563/1563 [00:04<00:00, 363.96it/s]
Epoch 9 Loss: 0.0549
Epoch 10/10: 100%|█████████████████████████████████████████████████████████████████| 1563/1563 [00:04<00:00, 358.98it/s]
Epoch 10 Loss: 0.0529
Best τ*=0.490 with F1=0.981 on training set
Saved all test predictions to test_predictions_all.csv

=== Test Performance ===
Accuracy : 0.977
Precision: 0.977  Recall: 0.978  F1: 0.977  AUC: 0.998
Confusion matrix (rows=true [0,1], cols=pred [0,1]):
[[24418   582]
 [  550 24450]]