Loaded 40000 samples from training_features.h5
Loaded 30000 samples from testing_features.h5
Train: 40000  Test: 30000  (each balanced 50/50)
Example batch: torch.Size([32, 21]) torch.Size([32])
Label distribution (train): tensor([20000, 20000])
Label distribution (test): tensor([10000, 20000])
Model input dimension: 21
Epoch 1/10: 100%|██████████████████████████████████████████████████████████████████| 1250/1250 [00:03<00:00, 334.11it/s]
Epoch 1 Loss: 0.1164
Epoch 2/10: 100%|██████████████████████████████████████████████████████████████████| 1250/1250 [00:03<00:00, 348.45it/s]
Epoch 2 Loss: 0.0655
Epoch 3/10: 100%|██████████████████████████████████████████████████████████████████| 1250/1250 [00:03<00:00, 350.78it/s]
Epoch 3 Loss: 0.0587
Epoch 4/10: 100%|██████████████████████████████████████████████████████████████████| 1250/1250 [00:03<00:00, 350.04it/s]
Epoch 4 Loss: 0.0555
Epoch 5/10: 100%|██████████████████████████████████████████████████████████████████| 1250/1250 [00:03<00:00, 352.28it/s]
Epoch 5 Loss: 0.0532
Epoch 6/10: 100%|██████████████████████████████████████████████████████████████████| 1250/1250 [00:03<00:00, 351.27it/s]
Epoch 6 Loss: 0.0523
Epoch 7/10: 100%|██████████████████████████████████████████████████████████████████| 1250/1250 [00:03<00:00, 351.82it/s]
Epoch 7 Loss: 0.0504
Epoch 8/10: 100%|██████████████████████████████████████████████████████████████████| 1250/1250 [00:03<00:00, 350.60it/s]
Epoch 8 Loss: 0.0493
Epoch 9/10: 100%|██████████████████████████████████████████████████████████████████| 1250/1250 [00:03<00:00, 348.89it/s]
Epoch 9 Loss: 0.0485
Epoch 10/10: 100%|█████████████████████████████████████████████████████████████████| 1250/1250 [00:03<00:00, 350.49it/s]
Epoch 10 Loss: 0.0473
Best τ*=0.500 with F1=0.984 on training set
Saved all test predictions to test_predictions_all.csv

=== Test Performance ===
Accuracy : 0.726
Precision: 0.790  Recall: 0.802  F1: 0.796  AUC: 0.752
Confusion matrix (rows=true [0,1], cols=pred [0,1]):
[[ 5745  4255]
 [ 3964 16036]]