Loaded 39994 samples from training_features.h5
Loaded 30000 samples from testing_features.h5
Train: 39994  Test: 30000  (each balanced 50/50)
Example batch: torch.Size([32, 13]) torch.Size([32])
Label distribution (train): tensor([19994, 20000])
Label distribution (test): tensor([10000, 20000])
Model input dimension: 13
Epoch 1/10: 100%|███████████████████████████████████████████████████████████████████████| 1250/1250 [00:03<00:00, 325.87it/s]
Epoch 1 Loss: 0.1427
Epoch 2/10: 100%|███████████████████████████████████████████████████████████████████████| 1250/1250 [00:03<00:00, 347.52it/s]
Epoch 2 Loss: 0.0964
Epoch 3/10: 100%|███████████████████████████████████████████████████████████████████████| 1250/1250 [00:03<00:00, 346.13it/s]
Epoch 3 Loss: 0.0884
Epoch 4/10: 100%|███████████████████████████████████████████████████████████████████████| 1250/1250 [00:03<00:00, 346.25it/s]
Epoch 4 Loss: 0.0845
Epoch 5/10: 100%|███████████████████████████████████████████████████████████████████████| 1250/1250 [00:03<00:00, 347.05it/s]
Epoch 5 Loss: 0.0811
Epoch 6/10: 100%|███████████████████████████████████████████████████████████████████████| 1250/1250 [00:03<00:00, 349.89it/s]
Epoch 6 Loss: 0.0795
Epoch 7/10: 100%|███████████████████████████████████████████████████████████████████████| 1250/1250 [00:03<00:00, 353.44it/s]
Epoch 7 Loss: 0.0778
Epoch 8/10: 100%|███████████████████████████████████████████████████████████████████████| 1250/1250 [00:03<00:00, 353.91it/s]
Epoch 8 Loss: 0.0762
Epoch 9/10: 100%|███████████████████████████████████████████████████████████████████████| 1250/1250 [00:03<00:00, 348.73it/s]
Epoch 9 Loss: 0.0758
Epoch 10/10: 100%|██████████████████████████████████████████████████████████████████████| 1250/1250 [00:03<00:00, 345.33it/s]
Epoch 10 Loss: 0.0738
Best τ*=0.490 with F1=0.973 on training set
Saved all test predictions to test_predictions_all.csv

=== Test Performance ===
Accuracy : 0.723
Precision: 0.779  Recall: 0.816  F1: 0.797  AUC: 0.736
Confusion matrix (rows=true [0,1], cols=pred [0,1]):
[[ 5379  4621]
 [ 3689 16311]]