Loaded 40000 samples from training_features.h5
Loaded 40000 samples from testing_features.h5
Train: 40000  Test: 40000  (each balanced 50/50)
Example batch: torch.Size([32, 21]) torch.Size([32])
Label distribution (train): tensor([20000, 20000])
Label distribution (test): tensor([20000, 20000])
Model input dimension: 21
Epoch 1/10: 100%|██████████████████████████████████████████████████████████████████| 1250/1250 [00:03<00:00, 340.79it/s]
Epoch 1 Loss: 0.1236
Epoch 2/10: 100%|██████████████████████████████████████████████████████████████████| 1250/1250 [00:03<00:00, 348.16it/s]
Epoch 2 Loss: 0.0823
Epoch 3/10: 100%|██████████████████████████████████████████████████████████████████| 1250/1250 [00:03<00:00, 347.95it/s]
Epoch 3 Loss: 0.0780
Epoch 4/10: 100%|██████████████████████████████████████████████████████████████████| 1250/1250 [00:03<00:00, 349.54it/s]
Epoch 4 Loss: 0.0746
Epoch 5/10: 100%|██████████████████████████████████████████████████████████████████| 1250/1250 [00:03<00:00, 353.16it/s]
Epoch 5 Loss: 0.0720
Epoch 6/10: 100%|██████████████████████████████████████████████████████████████████| 1250/1250 [00:03<00:00, 352.62it/s]
Epoch 6 Loss: 0.0698
Epoch 7/10: 100%|██████████████████████████████████████████████████████████████████| 1250/1250 [00:03<00:00, 350.68it/s]
Epoch 7 Loss: 0.0673
Epoch 8/10: 100%|██████████████████████████████████████████████████████████████████| 1250/1250 [00:03<00:00, 351.18it/s]
Epoch 8 Loss: 0.0661
Epoch 9/10: 100%|██████████████████████████████████████████████████████████████████| 1250/1250 [00:03<00:00, 350.04it/s]
Epoch 9 Loss: 0.0647
Epoch 10/10: 100%|█████████████████████████████████████████████████████████████████| 1250/1250 [00:03<00:00, 349.02it/s]
Epoch 10 Loss: 0.0631
Best τ*=0.460 with F1=0.979 on training set
Saved all test predictions to test_predictions_all.csv

=== Test Performance ===
Accuracy : 0.648
Precision: 0.589  Recall: 0.985  F1: 0.737  AUC: 0.925
Confusion matrix (rows=true [0,1], cols=pred [0,1]):
[[ 6223 13777]
 [  297 19703]]