Loaded 80000 samples from training_features.h5
Balanced dataset size: 80000 (real=40000, fake=40000)
Train: 40000  Test: 40000  (each balanced 50/50)
Example batch: torch.Size([32, 31]) torch.Size([32])
Label distribution (train): tensor([20000, 20000])
Label distribution (test): tensor([20000, 20000])
Model input dimension: 31
Epoch 1/10: 100%|██████████████████████████████████████████████████████████████████| 1250/1250 [00:03<00:00, 334.95it/s]
Epoch 1 Loss: 0.1142
Epoch 2/10: 100%|██████████████████████████████████████████████████████████████████| 1250/1250 [00:03<00:00, 353.76it/s]
Epoch 2 Loss: 0.0686
Epoch 3/10: 100%|██████████████████████████████████████████████████████████████████| 1250/1250 [00:03<00:00, 351.09it/s]
Epoch 3 Loss: 0.0600
Epoch 4/10: 100%|██████████████████████████████████████████████████████████████████| 1250/1250 [00:03<00:00, 350.66it/s]
Epoch 4 Loss: 0.0552
Epoch 5/10: 100%|██████████████████████████████████████████████████████████████████| 1250/1250 [00:03<00:00, 351.17it/s]
Epoch 5 Loss: 0.0533
Epoch 6/10: 100%|██████████████████████████████████████████████████████████████████| 1250/1250 [00:03<00:00, 351.77it/s]
Epoch 6 Loss: 0.0507
Epoch 7/10: 100%|██████████████████████████████████████████████████████████████████| 1250/1250 [00:03<00:00, 356.05it/s]
Epoch 7 Loss: 0.0502
Epoch 8/10: 100%|██████████████████████████████████████████████████████████████████| 1250/1250 [00:03<00:00, 355.40it/s]
Epoch 8 Loss: 0.0479
Epoch 9/10: 100%|██████████████████████████████████████████████████████████████████| 1250/1250 [00:03<00:00, 351.89it/s]
Epoch 9 Loss: 0.0470
Epoch 10/10: 100%|█████████████████████████████████████████████████████████████████| 1250/1250 [00:03<00:00, 352.11it/s]
Epoch 10 Loss: 0.0452
Best τ*=0.400 with F1=0.985 on training set
Saved all test predictions to test_predictions_all.csv

=== Test Performance ===
Accuracy : 0.982
Precision: 0.980  Recall: 0.984  F1: 0.982  AUC: 0.999
Confusion matrix (rows=true [0,1], cols=pred [0,1]):
[[19608   392]
 [  321 19679]]