Loaded 120000 samples from training_features.h5
Balanced dataset size: 100000 (real=50000, fake=50000)
Train: 50000  Test: 50000  (each balanced 50/50)
Example batch: torch.Size([32, 21]) torch.Size([32])
Label distribution (train): tensor([25000, 25000])
Label distribution (test): tensor([25000, 25000])
Model input dimension: 21
Epoch 1/10: 100%|██████████████████████████████████████████████████████████████████| 1563/1563 [00:04<00:00, 351.74it/s]
Epoch 1 Loss: 0.2416
Epoch 2/10: 100%|██████████████████████████████████████████████████████████████████| 1563/1563 [00:04<00:00, 369.13it/s]
Epoch 2 Loss: 0.1826
Epoch 3/10: 100%|██████████████████████████████████████████████████████████████████| 1563/1563 [00:04<00:00, 363.81it/s]
Epoch 3 Loss: 0.1649
Epoch 4/10: 100%|██████████████████████████████████████████████████████████████████| 1563/1563 [00:04<00:00, 365.01it/s]
Epoch 4 Loss: 0.1565
Epoch 5/10: 100%|██████████████████████████████████████████████████████████████████| 1563/1563 [00:04<00:00, 364.30it/s]
Epoch 5 Loss: 0.1517
Epoch 6/10: 100%|██████████████████████████████████████████████████████████████████| 1563/1563 [00:04<00:00, 365.21it/s]
Epoch 6 Loss: 0.1475
Epoch 7/10: 100%|██████████████████████████████████████████████████████████████████| 1563/1563 [00:04<00:00, 365.91it/s]
Epoch 7 Loss: 0.1436
Epoch 8/10: 100%|██████████████████████████████████████████████████████████████████| 1563/1563 [00:04<00:00, 365.73it/s]
Epoch 8 Loss: 0.1418
Epoch 9/10: 100%|██████████████████████████████████████████████████████████████████| 1563/1563 [00:04<00:00, 363.65it/s]
Epoch 9 Loss: 0.1379
Epoch 10/10: 100%|█████████████████████████████████████████████████████████████████| 1563/1563 [00:04<00:00, 369.78it/s]
Epoch 10 Loss: 0.1367
Best τ*=0.460 with F1=0.948 on training set
Saved all test predictions to test_predictions_all.csv

=== Test Performance ===
Accuracy : 0.940
Precision: 0.926  Recall: 0.956  F1: 0.941  AUC: 0.986
Confusion matrix (rows=true [0,1], cols=pred [0,1]):
[[23095  1905]
 [ 1090 23910]]