Loaded 110000 samples from training_features.h5
Balanced dataset size: 100000 (real=50000, fake=50000)
Train: 50000  Test: 50000  (each balanced 50/50)
Example batch: torch.Size([32, 25]) torch.Size([32])
Label distribution (train): tensor([25000, 25000])
Label distribution (test): tensor([25000, 25000])
Model input dimension: 25
Epoch 1/10: 100%|██████████████████████████████████████████████████████████████████| 1563/1563 [00:04<00:00, 343.59it/s]
Epoch 1 Loss: 0.1417
Epoch 2/10: 100%|██████████████████████████████████████████████████████████████████| 1563/1563 [00:04<00:00, 357.77it/s]
Epoch 2 Loss: 0.0830
Epoch 3/10: 100%|██████████████████████████████████████████████████████████████████| 1563/1563 [00:04<00:00, 370.92it/s]
Epoch 3 Loss: 0.0724
Epoch 4/10: 100%|██████████████████████████████████████████████████████████████████| 1563/1563 [00:04<00:00, 361.16it/s]
Epoch 4 Loss: 0.0663
Epoch 5/10: 100%|██████████████████████████████████████████████████████████████████| 1563/1563 [00:04<00:00, 357.76it/s]
Epoch 5 Loss: 0.0633
Epoch 6/10: 100%|██████████████████████████████████████████████████████████████████| 1563/1563 [00:04<00:00, 361.21it/s]
Epoch 6 Loss: 0.0605
Epoch 7/10: 100%|██████████████████████████████████████████████████████████████████| 1563/1563 [00:04<00:00, 360.19it/s]
Epoch 7 Loss: 0.0567
Epoch 8/10: 100%|██████████████████████████████████████████████████████████████████| 1563/1563 [00:04<00:00, 358.90it/s]
Epoch 8 Loss: 0.0555
Epoch 9/10: 100%|██████████████████████████████████████████████████████████████████| 1563/1563 [00:04<00:00, 356.50it/s]
Epoch 9 Loss: 0.0530
Epoch 10/10: 100%|█████████████████████████████████████████████████████████████████| 1563/1563 [00:04<00:00, 356.61it/s]
Epoch 10 Loss: 0.0521
Best τ*=0.410 with F1=0.983 on training set
Saved all test predictions to test_predictions_all.csv

=== Test Performance ===
Accuracy : 0.978
Precision: 0.975  Recall: 0.981  F1: 0.978  AUC: 0.998
Confusion matrix (rows=true [0,1], cols=pred [0,1]):
[[24368   632]
 [  475 24525]]