Loaded 80000 samples from training_features.h5
Balanced dataset size: 80000 (real=40000, fake=40000)
Train: 40000  Test: 40000  (each balanced 50/50)
Example batch: torch.Size([32, 31]) torch.Size([32])
Label distribution (train): tensor([20000, 20000])
Label distribution (test): tensor([20000, 20000])
Model input dimension: 31
Epoch 1/10: 100%|██████████████████████████████████████████████████████████████████| 1250/1250 [00:03<00:00, 339.00it/s]
Epoch 1 Loss: 0.1100
Epoch 2/10: 100%|██████████████████████████████████████████████████████████████████| 1250/1250 [00:03<00:00, 357.62it/s]
Epoch 2 Loss: 0.0663
Epoch 3/10: 100%|██████████████████████████████████████████████████████████████████| 1250/1250 [00:03<00:00, 353.62it/s]
Epoch 3 Loss: 0.0606
Epoch 4/10: 100%|██████████████████████████████████████████████████████████████████| 1250/1250 [00:03<00:00, 349.85it/s]
Epoch 4 Loss: 0.0561
Epoch 5/10: 100%|██████████████████████████████████████████████████████████████████| 1250/1250 [00:03<00:00, 351.88it/s]
Epoch 5 Loss: 0.0542
Epoch 6/10: 100%|██████████████████████████████████████████████████████████████████| 1250/1250 [00:03<00:00, 350.29it/s]
Epoch 6 Loss: 0.0518
Epoch 7/10: 100%|██████████████████████████████████████████████████████████████████| 1250/1250 [00:03<00:00, 352.16it/s]
Epoch 7 Loss: 0.0499
Epoch 8/10: 100%|██████████████████████████████████████████████████████████████████| 1250/1250 [00:03<00:00, 352.62it/s]
Epoch 8 Loss: 0.0486
Epoch 9/10: 100%|██████████████████████████████████████████████████████████████████| 1250/1250 [00:03<00:00, 351.01it/s]
Epoch 9 Loss: 0.0473
Epoch 10/10: 100%|█████████████████████████████████████████████████████████████████| 1250/1250 [00:03<00:00, 351.30it/s]
Epoch 10 Loss: 0.0460
Best τ*=0.450 with F1=0.985 on training set
Saved all test predictions to test_predictions_all.csv

=== Test Performance ===
Accuracy : 0.983
Precision: 0.981  Recall: 0.984  F1: 0.983  AUC: 0.999
Confusion matrix (rows=true [0,1], cols=pred [0,1]):
[[19624   376]
 [  318 19682]]