Loaded 39994 samples from training_features.h5
Loaded 30000 samples from testing_features.h5
Train: 39994  Test: 30000  (each balanced 50/50)
Example batch: torch.Size([32, 22]) torch.Size([32])
Label distribution (train): tensor([19994, 20000])
Label distribution (test): tensor([10000, 20000])
Model input dimension: 22
Epoch 1/10: 100%|██████████████████████████████████████████████████████████████████| 1250/1250 [00:03<00:00, 329.63it/s]
Epoch 1 Loss: 0.1117
Epoch 2/10: 100%|██████████████████████████████████████████████████████████████████| 1250/1250 [00:03<00:00, 353.64it/s]
Epoch 2 Loss: 0.0635
Epoch 3/10: 100%|██████████████████████████████████████████████████████████████████| 1250/1250 [00:03<00:00, 354.12it/s]
Epoch 3 Loss: 0.0575
Epoch 4/10: 100%|██████████████████████████████████████████████████████████████████| 1250/1250 [00:03<00:00, 355.53it/s]
Epoch 4 Loss: 0.0536
Epoch 5/10: 100%|██████████████████████████████████████████████████████████████████| 1250/1250 [00:03<00:00, 352.53it/s]
Epoch 5 Loss: 0.0518
Epoch 6/10: 100%|██████████████████████████████████████████████████████████████████| 1250/1250 [00:03<00:00, 353.26it/s]
Epoch 6 Loss: 0.0501
Epoch 7/10: 100%|██████████████████████████████████████████████████████████████████| 1250/1250 [00:03<00:00, 351.68it/s]
Epoch 7 Loss: 0.0487
Epoch 8/10: 100%|██████████████████████████████████████████████████████████████████| 1250/1250 [00:03<00:00, 354.28it/s]
Epoch 8 Loss: 0.0482
Epoch 9/10: 100%|██████████████████████████████████████████████████████████████████| 1250/1250 [00:03<00:00, 352.78it/s]
Epoch 9 Loss: 0.0464
Epoch 10/10: 100%|█████████████████████████████████████████████████████████████████| 1250/1250 [00:03<00:00, 351.39it/s]
Epoch 10 Loss: 0.0458
Best τ*=0.580 with F1=0.985 on training set
Saved all test predictions to test_predictions_all.csv

=== Test Performance ===
Accuracy : 0.729
Precision: 0.785  Recall: 0.818  F1: 0.801  AUC: 0.750
Confusion matrix (rows=true [0,1], cols=pred [0,1]):
[[ 5520  4480]
 [ 3640 16360]]