Loaded 39994 samples from training_features.h5
Loaded 30000 samples from testing_features.h5
Train: 39994  Test: 30000  (each balanced 50/50)
Example batch: torch.Size([32, 8]) torch.Size([32])
Label distribution (train): tensor([19994, 20000])
Label distribution (test): tensor([10000, 20000])
Model input dimension: 8
Epoch 1/10: 100%|██████████████████████████████████████████████████████████████████| 1250/1250 [00:03<00:00, 338.45it/s]
Epoch 1 Loss: 0.1666
Epoch 2/10: 100%|██████████████████████████████████████████████████████████████████| 1250/1250 [00:03<00:00, 362.78it/s]
Epoch 2 Loss: 0.1240
Epoch 3/10: 100%|██████████████████████████████████████████████████████████████████| 1250/1250 [00:03<00:00, 362.25it/s]
Epoch 3 Loss: 0.1145
Epoch 4/10: 100%|██████████████████████████████████████████████████████████████████| 1250/1250 [00:03<00:00, 361.19it/s]
Epoch 4 Loss: 0.1083
Epoch 5/10: 100%|██████████████████████████████████████████████████████████████████| 1250/1250 [00:03<00:00, 359.68it/s]
Epoch 5 Loss: 0.1048
Epoch 6/10: 100%|██████████████████████████████████████████████████████████████████| 1250/1250 [00:03<00:00, 365.52it/s]
Epoch 6 Loss: 0.1022
Epoch 7/10: 100%|██████████████████████████████████████████████████████████████████| 1250/1250 [00:03<00:00, 360.54it/s]
Epoch 7 Loss: 0.1005
Epoch 8/10: 100%|██████████████████████████████████████████████████████████████████| 1250/1250 [00:03<00:00, 360.57it/s]
Epoch 8 Loss: 0.0989
Epoch 9/10: 100%|██████████████████████████████████████████████████████████████████| 1250/1250 [00:03<00:00, 363.59it/s]
Epoch 9 Loss: 0.0981
Epoch 10/10: 100%|█████████████████████████████████████████████████████████████████| 1250/1250 [00:03<00:00, 359.54it/s]
Epoch 10 Loss: 0.0969
Best τ*=0.490 with F1=0.964 on training set
Saved all test predictions to test_predictions_all.csv

=== Test Performance ===
Accuracy : 0.689
Precision: 0.748  Recall: 0.806  F1: 0.776  AUC: 0.685
Confusion matrix (rows=true [0,1], cols=pred [0,1]):
[[ 4566  5434]
 [ 3889 16111]]