Loaded 80000 samples from training_features.h5
Balanced dataset size: 80000 (real=40000, fake=40000)
Train: 40000  Test: 40000  (each balanced 50/50)
Example batch: torch.Size([32, 31]) torch.Size([32])
Label distribution (train): tensor([20000, 20000])
Label distribution (test): tensor([20000, 20000])
Model input dimension: 31
Epoch 1/10: 100%|██████████████████████████████████████████████████████████████████| 1250/1250 [00:03<00:00, 340.33it/s]
Epoch 1 Loss: 0.1128
Epoch 2/10: 100%|██████████████████████████████████████████████████████████████████| 1250/1250 [00:03<00:00, 349.98it/s]
Epoch 2 Loss: 0.0678
Epoch 3/10: 100%|██████████████████████████████████████████████████████████████████| 1250/1250 [00:03<00:00, 350.36it/s]
Epoch 3 Loss: 0.0613
Epoch 4/10: 100%|██████████████████████████████████████████████████████████████████| 1250/1250 [00:03<00:00, 348.77it/s]
Epoch 4 Loss: 0.0564
Epoch 5/10: 100%|██████████████████████████████████████████████████████████████████| 1250/1250 [00:03<00:00, 355.97it/s]
Epoch 5 Loss: 0.0540
Epoch 6/10: 100%|██████████████████████████████████████████████████████████████████| 1250/1250 [00:03<00:00, 347.61it/s]
Epoch 6 Loss: 0.0522
Epoch 7/10: 100%|██████████████████████████████████████████████████████████████████| 1250/1250 [00:03<00:00, 347.71it/s]
Epoch 7 Loss: 0.0501
Epoch 8/10: 100%|██████████████████████████████████████████████████████████████████| 1250/1250 [00:03<00:00, 348.56it/s]
Epoch 8 Loss: 0.0485
Epoch 9/10: 100%|██████████████████████████████████████████████████████████████████| 1250/1250 [00:03<00:00, 350.56it/s]
Epoch 9 Loss: 0.0485
Epoch 10/10: 100%|█████████████████████████████████████████████████████████████████| 1250/1250 [00:03<00:00, 350.43it/s]
Epoch 10 Loss: 0.0472
Best τ*=0.370 with F1=0.982 on training set
Saved all test predictions to test_predictions_all.csv

=== Test Performance ===
Accuracy : 0.980
Precision: 0.980  Recall: 0.979  F1: 0.980  AUC: 0.998
Confusion matrix (rows=true [0,1], cols=pred [0,1]):
[[19605   395]
 [  423 19577]]