Loaded 39994 samples from training_features.h5
Loaded 30000 samples from testing_features.h5
Train: 39994  Test: 30000  (each balanced 50/50)
Example batch: torch.Size([32, 17]) torch.Size([32])
Label distribution (train): tensor([19994, 20000])
Label distribution (test): tensor([10000, 20000])
Model input dimension: 17
Epoch 1/10: 100%|███████████████████████████████████████████████████████████████████████| 1250/1250 [00:03<00:00, 334.76it/s]
Epoch 1 Loss: 0.1261
Epoch 2/10: 100%|███████████████████████████████████████████████████████████████████████| 1250/1250 [00:03<00:00, 349.48it/s]
Epoch 2 Loss: 0.0766
Epoch 3/10: 100%|███████████████████████████████████████████████████████████████████████| 1250/1250 [00:03<00:00, 347.03it/s]
Epoch 3 Loss: 0.0687
Epoch 4/10: 100%|███████████████████████████████████████████████████████████████████████| 1250/1250 [00:03<00:00, 347.17it/s]
Epoch 4 Loss: 0.0655
Epoch 5/10: 100%|███████████████████████████████████████████████████████████████████████| 1250/1250 [00:03<00:00, 350.37it/s]
Epoch 5 Loss: 0.0623
Epoch 6/10: 100%|███████████████████████████████████████████████████████████████████████| 1250/1250 [00:03<00:00, 348.81it/s]
Epoch 6 Loss: 0.0610
Epoch 7/10: 100%|███████████████████████████████████████████████████████████████████████| 1250/1250 [00:03<00:00, 350.52it/s]
Epoch 7 Loss: 0.0593
Epoch 8/10: 100%|███████████████████████████████████████████████████████████████████████| 1250/1250 [00:03<00:00, 350.97it/s]
Epoch 8 Loss: 0.0578
Epoch 9/10: 100%|███████████████████████████████████████████████████████████████████████| 1250/1250 [00:03<00:00, 346.27it/s]
Epoch 9 Loss: 0.0567
Epoch 10/10: 100%|██████████████████████████████████████████████████████████████████████| 1250/1250 [00:03<00:00, 350.43it/s]
Epoch 10 Loss: 0.0560
Best τ*=0.450 with F1=0.981 on training set
Saved all test predictions to test_predictions_all.csv

=== Test Performance ===
Accuracy : 0.718
Precision: 0.779  Recall: 0.805  F1: 0.792  AUC: 0.734
Confusion matrix (rows=true [0,1], cols=pred [0,1]):
[[ 5428  4572]
 [ 3896 16104]]