Loaded 40000 samples from training_features.h5
Loaded 40000 samples from testing_features.h5
Train: 40000  Test: 40000  (each balanced 50/50)
Example batch: torch.Size([32, 21]) torch.Size([32])
Label distribution (train): tensor([20000, 20000])
Label distribution (test): tensor([20000, 20000])
Model input dimension: 21
Epoch 1/10: 100%|██████████████████████████████████████████████████████████████████| 1250/1250 [00:03<00:00, 340.63it/s]
Epoch 1 Loss: 0.1102
Epoch 2/10: 100%|██████████████████████████████████████████████████████████████████| 1250/1250 [00:03<00:00, 348.42it/s]
Epoch 2 Loss: 0.0638
Epoch 3/10: 100%|██████████████████████████████████████████████████████████████████| 1250/1250 [00:03<00:00, 346.66it/s]
Epoch 3 Loss: 0.0573
Epoch 4/10: 100%|██████████████████████████████████████████████████████████████████| 1250/1250 [00:03<00:00, 347.33it/s]
Epoch 4 Loss: 0.0549
Epoch 5/10: 100%|██████████████████████████████████████████████████████████████████| 1250/1250 [00:03<00:00, 347.76it/s]
Epoch 5 Loss: 0.0522
Epoch 6/10: 100%|██████████████████████████████████████████████████████████████████| 1250/1250 [00:03<00:00, 350.00it/s]
Epoch 6 Loss: 0.0508
Epoch 7/10: 100%|██████████████████████████████████████████████████████████████████| 1250/1250 [00:03<00:00, 350.26it/s]
Epoch 7 Loss: 0.0495
Epoch 8/10: 100%|██████████████████████████████████████████████████████████████████| 1250/1250 [00:03<00:00, 345.59it/s]
Epoch 8 Loss: 0.0486
Epoch 9/10: 100%|██████████████████████████████████████████████████████████████████| 1250/1250 [00:03<00:00, 344.46it/s]
Epoch 9 Loss: 0.0474
Epoch 10/10: 100%|█████████████████████████████████████████████████████████████████| 1250/1250 [00:03<00:00, 349.25it/s]
Epoch 10 Loss: 0.0463
Best τ*=0.450 with F1=0.985 on training set
Saved all test predictions to test_predictions_all.csv

=== Test Performance ===
Accuracy : 0.981
Precision: 0.978  Recall: 0.984  F1: 0.981  AUC: 0.998
Confusion matrix (rows=true [0,1], cols=pred [0,1]):
[[19563   437]
 [  319 19681]]