Loaded 40000 samples from training_features.h5
Loaded 30000 samples from testing_features.h5
Train: 40000  Test: 30000  (each balanced 50/50)
Example batch: torch.Size([32, 25]) torch.Size([32])
Label distribution (train): tensor([20000, 20000])
Label distribution (test): tensor([10000, 20000])
Model input dimension: 25
Epoch 1/10: 100%|██████████████████████████████████████████████████████████████████| 1250/1250 [00:03<00:00, 328.52it/s]
Epoch 1 Loss: 0.1159
Epoch 2/10: 100%|██████████████████████████████████████████████████████████████████| 1250/1250 [00:03<00:00, 348.32it/s]
Epoch 2 Loss: 0.0651
Epoch 3/10: 100%|██████████████████████████████████████████████████████████████████| 1250/1250 [00:03<00:00, 350.04it/s]
Epoch 3 Loss: 0.0577
Epoch 4/10: 100%|██████████████████████████████████████████████████████████████████| 1250/1250 [00:03<00:00, 353.03it/s]
Epoch 4 Loss: 0.0539
Epoch 5/10: 100%|██████████████████████████████████████████████████████████████████| 1250/1250 [00:03<00:00, 352.14it/s]
Epoch 5 Loss: 0.0520
Epoch 6/10: 100%|██████████████████████████████████████████████████████████████████| 1250/1250 [00:03<00:00, 351.16it/s]
Epoch 6 Loss: 0.0500
Epoch 7/10: 100%|██████████████████████████████████████████████████████████████████| 1250/1250 [00:03<00:00, 349.84it/s]
Epoch 7 Loss: 0.0491
Epoch 8/10: 100%|██████████████████████████████████████████████████████████████████| 1250/1250 [00:03<00:00, 354.68it/s]
Epoch 8 Loss: 0.0480
Epoch 9/10: 100%|██████████████████████████████████████████████████████████████████| 1250/1250 [00:03<00:00, 349.67it/s]
Epoch 9 Loss: 0.0465
Epoch 10/10: 100%|█████████████████████████████████████████████████████████████████| 1250/1250 [00:03<00:00, 352.49it/s]
Epoch 10 Loss: 0.0462
Best τ*=0.620 with F1=0.983 on training set
Saved all test predictions to test_predictions_all.csv

=== Test Performance ===
Accuracy : 0.727
Precision: 0.791  Recall: 0.803  F1: 0.797  AUC: 0.764
Confusion matrix (rows=true [0,1], cols=pred [0,1]):
[[ 5744  4256]
 [ 3933 16067]]