Loaded 39994 samples from training_features.h5
Loaded 30000 samples from testing_features.h5
Train: 39994  Test: 30000  (each balanced 50/50)
Example batch: torch.Size([32, 1]) torch.Size([32])
Label distribution (train): tensor([19994, 20000])
Label distribution (test): tensor([10000, 20000])
Model input dimension: 1
Enter dropout rate (e.g., 0.5): 0
Epoch 1/10: 100%|██████████████████████████████████████████████████████████████████| 1250/1250 [00:03<00:00, 328.29it/s]
Epoch 1 Loss: 0.6142
Epoch 2/10: 100%|██████████████████████████████████████████████████████████████████| 1250/1250 [00:03<00:00, 345.70it/s]
Epoch 2 Loss: 0.5976
Epoch 3/10: 100%|██████████████████████████████████████████████████████████████████| 1250/1250 [00:03<00:00, 342.42it/s]
Epoch 3 Loss: 0.5948
Epoch 4/10: 100%|██████████████████████████████████████████████████████████████████| 1250/1250 [00:03<00:00, 344.26it/s]
Epoch 4 Loss: 0.5933
Epoch 5/10: 100%|██████████████████████████████████████████████████████████████████| 1250/1250 [00:03<00:00, 345.82it/s]
Epoch 5 Loss: 0.5928
Epoch 6/10: 100%|██████████████████████████████████████████████████████████████████| 1250/1250 [00:03<00:00, 346.22it/s]
Epoch 6 Loss: 0.5924
Epoch 7/10: 100%|██████████████████████████████████████████████████████████████████| 1250/1250 [00:03<00:00, 348.06it/s]
Epoch 7 Loss: 0.5922
Epoch 8/10: 100%|██████████████████████████████████████████████████████████████████| 1250/1250 [00:03<00:00, 343.83it/s]
Epoch 8 Loss: 0.5916
Epoch 9/10: 100%|██████████████████████████████████████████████████████████████████| 1250/1250 [00:03<00:00, 342.99it/s]
Epoch 9 Loss: 0.5915
Epoch 10/10: 100%|█████████████████████████████████████████████████████████████████| 1250/1250 [00:03<00:00, 346.18it/s]
Epoch 10 Loss: 0.5915
Best τ*=0.340 with F1=0.739 on training set
Saved all test predictions to test_predictions_all.csv

=== Test Performance ===
Accuracy : 0.630
Precision: 0.672  Recall: 0.870  F1: 0.759  AUC: 0.454
Confusion matrix (rows=true [0,1], cols=pred [0,1]):
[[ 1507  8493]
 [ 2592 17408]]