Loaded 80000 samples from training_features.h5
Balanced dataset size: 80000 (real=40000, fake=40000)
Train: 40000  Test: 40000  (each balanced 50/50)
Example batch: torch.Size([32, 21]) torch.Size([32])
Label distribution (train): tensor([20000, 20000])
Label distribution (test): tensor([20000, 20000])
Model input dimension: 21
Epoch 1/10: 100%|██████████████████████████████████████████████████████████████████| 1250/1250 [00:03<00:00, 337.70it/s]
Epoch 1 Loss: 0.1127
Epoch 2/10: 100%|██████████████████████████████████████████████████████████████████| 1250/1250 [00:03<00:00, 349.83it/s]
Epoch 2 Loss: 0.0648
Epoch 3/10: 100%|██████████████████████████████████████████████████████████████████| 1250/1250 [00:03<00:00, 345.71it/s]
Epoch 3 Loss: 0.0581
Epoch 4/10: 100%|██████████████████████████████████████████████████████████████████| 1250/1250 [00:03<00:00, 350.67it/s]
Epoch 4 Loss: 0.0553
Epoch 5/10: 100%|██████████████████████████████████████████████████████████████████| 1250/1250 [00:03<00:00, 355.09it/s]
Epoch 5 Loss: 0.0523
Epoch 6/10: 100%|██████████████████████████████████████████████████████████████████| 1250/1250 [00:03<00:00, 351.20it/s]
Epoch 6 Loss: 0.0513
Epoch 7/10: 100%|██████████████████████████████████████████████████████████████████| 1250/1250 [00:03<00:00, 349.81it/s]
Epoch 7 Loss: 0.0496
Epoch 8/10: 100%|██████████████████████████████████████████████████████████████████| 1250/1250 [00:03<00:00, 350.69it/s]
Epoch 8 Loss: 0.0485
Epoch 9/10: 100%|██████████████████████████████████████████████████████████████████| 1250/1250 [00:03<00:00, 349.72it/s]
Epoch 9 Loss: 0.0477
Epoch 10/10: 100%|█████████████████████████████████████████████████████████████████| 1250/1250 [00:03<00:00, 354.91it/s]
Epoch 10 Loss: 0.0468
Best τ*=0.440 with F1=0.985 on training set
Saved all test predictions to test_predictions_all.csv

=== Test Performance ===
Accuracy : 0.982
Precision: 0.976  Recall: 0.988  F1: 0.982  AUC: 0.998
Confusion matrix (rows=true [0,1], cols=pred [0,1]):
[[19508   492]
 [  246 19754]]